[debug] [2021-03-10T22:53:14.214Z] ----------------------------------------------------------------------
[debug] [2021-03-10T22:53:14.216Z] Command:       /usr/local/bin/firebase /Users/paulmandel/.cache/firebase/tools/lib/node_modules/firebase-tools/lib/bin/firebase init
[debug] [2021-03-10T22:53:14.216Z] CLI Version:   9.2.1
[debug] [2021-03-10T22:53:14.216Z] Platform:      darwin
[debug] [2021-03-10T22:53:14.216Z] Node Version:  v12.18.1
[debug] [2021-03-10T22:53:14.217Z] Time:          Wed Mar 10 2021 14:53:14 GMT-0800 (Pacific Standard Time)
[debug] [2021-03-10T22:53:14.217Z] ----------------------------------------------------------------------
[debug] [2021-03-10T22:53:14.217Z] 
[debug] [2021-03-10T22:53:14.221Z] > command requires scopes: ["email","openid","https://www.googleapis.com/auth/cloudplatformprojects.readonly","https://www.googleapis.com/auth/firebase","https://www.googleapis.com/auth/cloud-platform"]
[debug] [2021-03-10T22:53:14.221Z] > authorizing via signed-in user
[info] 
     ######## #### ########  ######## ########     ###     ######  ########
     ##        ##  ##     ## ##       ##     ##  ##   ##  ##       ##
     ######    ##  ########  ######   ########  #########  ######  ######
     ##        ##  ##    ##  ##       ##     ## ##     ##       ## ##
     ##       #### ##     ## ######## ########  ##     ##  ######  ########

You're about to initialize a Firebase project in this directory:

  /Users/paulmandel/Code/sandbox/peepers

[info] 
=== Project Setup
[info] 
[info] First, let's associate this project directory with a Firebase project.
[info] You can create multiple project aliases by running firebase use --add, 
[info] but for now we'll just set up a default project.
[info] 
[info] i  If you want to create a project in a Google Cloud organization or folder, please use "firebase projects:create" instead, and return to this command when you've created the project. 
[debug] [2021-03-10T22:53:31.972Z] > refreshing access token with scopes: ["email","https://www.googleapis.com/auth/cloud-platform","https://www.googleapis.com/auth/cloudplatformprojects.readonly","https://www.googleapis.com/auth/firebase","openid"]
[debug] [2021-03-10T22:53:31.972Z] >>> HTTP REQUEST POST https://www.googleapis.com/oauth2/v3/token  
 <request body omitted>
[debug] [2021-03-10T22:53:32.205Z] <<< HTTP RESPONSE 200 {"cache-control":"no-cache, no-store, max-age=0, must-revalidate","expires":"Mon, 01 Jan 1990 00:00:00 GMT","pragma":"no-cache","date":"Wed, 10 Mar 2021 22:53:32 GMT","content-type":"application/json; charset=utf-8","vary":"X-Origin, Referer, Origin,Accept-Encoding","server":"scaffolding on HTTPServer2","x-xss-protection":"0","x-frame-options":"SAMEORIGIN","x-content-type-options":"nosniff","alt-svc":"h3-29=\":443\"; ma=2592000,h3-T051=\":443\"; ma=2592000,h3-Q050=\":443\"; ma=2592000,h3-Q046=\":443\"; ma=2592000,h3-Q043=\":443\"; ma=2592000,quic=\":443\"; ma=2592000; v=\"46,43\"","accept-ranges":"none","transfer-encoding":"chunked"}
[debug] [2021-03-10T22:53:32.233Z] >>> HTTP REQUEST POST https://cloudresourcemanager.googleapis.com/v1/projects  
 {"projectId":"robotics","name":"robotics"}
[debug] [2021-03-10T22:53:32.635Z] <<< HTTP RESPONSE 409 {"vary":"X-Origin, Referer, Origin,Accept-Encoding","content-type":"application/json; charset=UTF-8","date":"Wed, 10 Mar 2021 22:53:32 GMT","server":"ESF","cache-control":"private","x-xss-protection":"0","x-frame-options":"SAMEORIGIN","x-content-type-options":"nosniff","server-timing":"gfet4t7; dur=206","alt-svc":"h3-29=\":443\"; ma=2592000,h3-T051=\":443\"; ma=2592000,h3-Q050=\":443\"; ma=2592000,h3-Q046=\":443\"; ma=2592000,h3-Q043=\":443\"; ma=2592000,quic=\":443\"; ma=2592000; v=\"46,43\"","accept-ranges":"none","transfer-encoding":"chunked"}
[debug] [2021-03-10T22:53:32.635Z] <<< HTTP RESPONSE BODY {"error":{"code":409,"message":"Requested entity already exists","status":"ALREADY_EXISTS"}}
[debug] [2021-03-10T22:53:32.639Z] FirebaseError: HTTP Error: 409, Requested entity already exists
    at module.exports (/Users/paulmandel/.cache/firebase/tools/lib/node_modules/firebase-tools/lib/responseToError.js:38:12)
    at Request._callback (/Users/paulmandel/.cache/firebase/tools/lib/node_modules/firebase-tools/lib/api.js:41:35)
    at Request.self.callback (/Users/paulmandel/.cache/firebase/tools/lib/node_modules/request/request.js:185:22)
    at Request.emit (events.js:315:20)
    at Request.EventEmitter.emit (domain.js:482:12)
    at Request.<anonymous> (/Users/paulmandel/.cache/firebase/tools/lib/node_modules/request/request.js:1154:10)
    at Request.emit (events.js:315:20)
    at Request.EventEmitter.emit (domain.js:482:12)
    at IncomingMessage.<anonymous> (/Users/paulmandel/.cache/firebase/tools/lib/node_modules/request/request.js:1076:12)
    at Object.onceWrapper (events.js:421:28)
    at IncomingMessage.emit (events.js:327:22)
    at IncomingMessage.EventEmitter.emit (domain.js:482:12)
    at endReadableNT (_stream_readable.js:1221:12)
    at processTicksAndRejections (internal/process/task_queues.js:84:21)
[error] 
[error] Error: Failed to create project because there is already a project with ID robotics. Please try again with a unique project ID.
